<?xml version="1.0" encoding="UTF-8"?>
<!-- Generated by org.testng.reporters.JUnitReportReporter -->
<testsuite hostname="NBPF1GY9GR" failures="0" tests="3" name="testCases.HomePage" time="1.797" errors="0" timestamp="2024-12-05T15:16:27 IST" skipped="0">
  <testcase classname="testCases.HomePage" name="verify_homePageTitle" time="0.046"/>
  <system-out/>
  <testcase classname="testCases.HomePage" name="homePageTitle_errortest" time="0.064"/>
  <system-out/>
  <testcase classname="testCases.HomePage" name="clickOn_automobileLink" time="1.687"/>
  <system-out/>
</testsuite> <!-- testCases.HomePage -->
