<?xml version="1.0" encoding="UTF-8"?>
<!-- Generated by org.testng.reporters.JUnitReportReporter -->
<testsuite hostname="NBPF1GY9GR" failures="0" tests="1" name="testCases.VehicleData_EndToEndTests" time="5.194" errors="0" timestamp="2024-12-05T15:16:27 IST" skipped="0">
  <testcase classname="testCases.VehicleData_EndToEndTests" name="verify_VehicleData" time="5.194"/>
  <system-out/>
</testsuite> <!-- testCases.VehicleData_EndToEndTests -->
