<?xml version="1.0" encoding="UTF-8"?>
<!-- Generated by org.testng.reporters.JUnitReportReporter -->
<testsuite hostname="NBPF1GY9GR" failures="0" tests="1" name="testCases.loginPage" time="13.083" errors="0" timestamp="2024-09-23T11:45:42 IST" skipped="0">
  <testcase classname="testCases.loginPage" name="verify_login" time="13.083"/>
  <system-out/>
</testsuite> <!-- testCases.loginPage -->
